c:\users\alstn\desktop\chess\network_chess\debug\network_chess.pch
c:\users\alstn\desktop\chess\network_chess\debug\vc140.pdb
c:\users\alstn\desktop\chess\network_chess\debug\vc140.idb
c:\users\alstn\desktop\chess\network_chess\debug\stdafx.obj
c:\users\alstn\desktop\chess\network_chess\debug\clientsock.obj
c:\users\alstn\desktop\chess\network_chess\debug\network_chess.obj
c:\users\alstn\desktop\chess\network_chess\debug\rankingdialog.obj
c:\users\alstn\desktop\chess\network_chess\debug\serversock.obj
c:\users\alstn\desktop\chess\network_chess\debug\signup.obj
c:\users\alstn\desktop\chess\network_chess\debug\network_chessdlg.obj
c:\users\alstn\desktop\chess\debug\network_chess.ilk
c:\users\alstn\desktop\chess\debug\network_chess.exe
c:\users\alstn\desktop\chess\debug\network_chess.pdb
c:\users\alstn\desktop\chess\network_chess\debug\network_chess.res
c:\users\alstn\desktop\chess\network_chess\debug\network_chess.tlog\cl.command.1.tlog
c:\users\alstn\desktop\chess\network_chess\debug\network_chess.tlog\cl.read.1.tlog
c:\users\alstn\desktop\chess\network_chess\debug\network_chess.tlog\cl.write.1.tlog
c:\users\alstn\desktop\chess\network_chess\debug\network_chess.tlog\link.command.1.tlog
c:\users\alstn\desktop\chess\network_chess\debug\network_chess.tlog\link.read.1.tlog
c:\users\alstn\desktop\chess\network_chess\debug\network_chess.tlog\link.write.1.tlog
c:\users\alstn\desktop\chess\network_chess\debug\network_chess.tlog\rc.command.1.tlog
c:\users\alstn\desktop\chess\network_chess\debug\network_chess.tlog\rc.read.1.tlog
c:\users\alstn\desktop\chess\network_chess\debug\network_chess.tlog\rc.write.1.tlog
